<?xml version="1.0" encoding="UTF-8"?>
<!-- Generated by org.testng.reporters.JUnitXMLReporter -->
<testsuite ignored="0" hostname="DESKTOP-7IL8GUR" failures="0" tests="9" name="Test" time="332.609" errors="0" timestamp="2025-04-23T20:01:23 IST">
  <testcase classname="Tests.LoginTest" name="Ltest" time="6.108"/>
  <testcase classname="Tests.LoginTest" name="Invalid" time="3.523"/>
  <testcase classname="Tests.LoginTest" name="empty" time="1.666"/>
  <testcase classname="Tests.LoginTest" name="ForgotPass" time="3.528"/>
  <testcase classname="Tests.DashboardTest" name="Login" time="23.394"/>
  <testcase classname="Tests.DashboardTest" name="QuickLaunch_Assert" time="6.865"/>
  <testcase classname="Tests.PIMtest" name="Addemployee" time="26.134"/>
  <testcase classname="Tests.PIMtest" name="Addsupervisor" time="64.105"/>
  <testcase classname="Tests.PIMtest" name="search" time="28.723"/>
</testsuite> <!-- Test -->
