<?xml version="1.0" encoding="UTF-8"?>
<!-- Generated by org.testng.reporters.JUnitXMLReporter -->
<testsuite ignored="0" hostname="Sevvelkarans-MacBook-Air.local" failures="1" tests="6" name="Test" time="100.518" errors="0" timestamp="2025-04-22T22:15:03 IST">
  <testcase classname="Tests.LoginTest" name="Ltest" time="4.034"/>
  <testcase classname="Tests.LoginTest" name="Invalid" time="2.607"/>
  <testcase classname="Tests.LoginTest" name="empty" time="0.902"/>
  <testcase classname="Tests.LoginTest" name="ForgotPass" time="2.66"/>
  <testcase classname="Tests.DashboardTest" name="Login" time="19.837"/>
  <testcase classname="Tests.DashboardTest" name="QuickLaunch_Assert" time="4.69">
    <failure type="java.lang.AssertionError" message="Assign Leave expected:&amp;lt;Assign Leave&amp;gt; but was:&amp;lt;Quick Launch Assertion Failed for: Assign Leave&amp;gt;">
      <![CDATA[java.lang.AssertionError: Assign Leave expected:<Assign Leave> but was:<Quick Launch Assertion Failed for: Assign Leave>
at Tests.DashboardTest.QuickLaunch_Assert(DashboardTest.java:99)
at java.base/java.util.ArrayList.forEach(ArrayList.java:1596)
... Removed 26 stack frames]]>
    </failure>
  </testcase> <!-- QuickLaunch_Assert -->
</testsuite> <!-- Test -->
